<?xml version="1.0" encoding="UTF-8"?>
<testng-results ignored="0" total="1" passed="1" failed="0" skipped="0">
  <reporter-output>
  </reporter-output>
  <suite started-at="2021-12-29T19:54:26 IST" name="Default suite" finished-at="2021-12-29T19:54:40 IST" duration-ms="14104">
    <groups>
    </groups>
    <test started-at="2021-12-29T19:54:26 IST" name="Default test" finished-at="2021-12-29T19:54:40 IST" duration-ms="14104">
      <class name="com.orangehrm.testPackage.TestCase">
        <test-method is-config="true" signature="beforeSuite()[pri:0, instance:com.orangehrm.testPackage.TestCase@7c1e2a9e]" started-at="2021-12-29T19:54:26 IST" name="beforeSuite" finished-at="2021-12-29T19:54:26 IST" duration-ms="7" status="PASS">
          <reporter-output>
          </reporter-output>
        </test-method> <!-- beforeSuite -->
        <test-method is-config="true" signature="beforeClass()[pri:0, instance:com.orangehrm.testPackage.TestCase@7c1e2a9e]" started-at="2021-12-29T19:54:26 IST" name="beforeClass" finished-at="2021-12-29T19:54:26 IST" duration-ms="0" status="PASS">
          <reporter-output>
          </reporter-output>
        </test-method> <!-- beforeClass -->
        <test-method is-config="true" signature="beforeMethod()[pri:0, instance:com.orangehrm.testPackage.TestCase@7c1e2a9e]" started-at="2021-12-29T19:54:26 IST" name="beforeMethod" finished-at="2021-12-29T19:54:31 IST" duration-ms="5023" status="PASS">
          <reporter-output>
          </reporter-output>
        </test-method> <!-- beforeMethod -->
        <test-method signature="orangehrm()[pri:0, instance:com.orangehrm.testPackage.TestCase@7c1e2a9e]" started-at="2021-12-29T19:54:31 IST" name="orangehrm" finished-at="2021-12-29T19:54:38 IST" duration-ms="6872" status="PASS">
          <reporter-output>
          </reporter-output>
        </test-method> <!-- orangehrm -->
        <test-method is-config="true" signature="afterMethod()[pri:0, instance:com.orangehrm.testPackage.TestCase@7c1e2a9e]" started-at="2021-12-29T19:54:38 IST" name="afterMethod" finished-at="2021-12-29T19:54:40 IST" duration-ms="2186" status="PASS">
          <reporter-output>
          </reporter-output>
        </test-method> <!-- afterMethod -->
        <test-method is-config="true" signature="afterClass()[pri:0, instance:com.orangehrm.testPackage.TestCase@7c1e2a9e]" started-at="2021-12-29T19:54:40 IST" name="afterClass" finished-at="2021-12-29T19:54:40 IST" duration-ms="0" status="PASS">
          <reporter-output>
          </reporter-output>
        </test-method> <!-- afterClass -->
        <test-method is-config="true" signature="afterSuite()[pri:0, instance:com.orangehrm.testPackage.TestCase@7c1e2a9e]" started-at="2021-12-29T19:54:40 IST" name="afterSuite" finished-at="2021-12-29T19:54:40 IST" duration-ms="1" status="PASS">
          <reporter-output>
          </reporter-output>
        </test-method> <!-- afterSuite -->
      </class> <!-- com.orangehrm.testPackage.TestCase -->
    </test> <!-- Default test -->
  </suite> <!-- Default suite -->
</testng-results>
